<?xml version="1.0" encoding="UTF-8" standalone="no"?><!DOCTYPE report PUBLIC "-//JACOCO//DTD Report 1.1//EN" "report.dtd"><report name="Pester (03/28/2020 10:13:19)"><sessioninfo id="this" start="1585390399345" dump="1585390399574" /><package name="Sources"><class name="Sources/demo" sourcefilename="demo.ps1"><method name="global:Get-DeploymentLog" desc="()" line="21"><counter type="INSTRUCTION" missed="0" covered="18" /><counter type="LINE" missed="0" covered="12" /><counter type="METHOD" missed="0" covered="1" /></method><counter type="INSTRUCTION" missed="0" covered="18" /><counter type="LINE" missed="0" covered="12" /><counter type="METHOD" missed="0" covered="1" /><counter type="CLASS" missed="0" covered="1" /></class><sourcefile name="demo.ps1"><line nr="21" mi="0" ci="2" /><line nr="32" mi="0" ci="1" /><line nr="34" mi="0" ci="1" /><line nr="35" mi="0" ci="2" /><line nr="37" mi="0" ci="1" /><line nr="38" mi="0" ci="1" /><line nr="39" mi="0" ci="3" /><line nr="42" mi="0" ci="1" /><line nr="43" mi="0" ci="1" /><line nr="44" mi="0" ci="3" /><line nr="47" mi="0" ci="1" /><line nr="48" mi="0" ci="1" /><counter type="INSTRUCTION" missed="0" covered="18" /><counter type="LINE" missed="0" covered="12" /><counter type="METHOD" missed="0" covered="1" /><counter type="CLASS" missed="0" covered="1" /></sourcefile><counter type="INSTRUCTION" missed="0" covered="18" /><counter type="LINE" missed="0" covered="12" /><counter type="METHOD" missed="0" covered="1" /><counter type="CLASS" missed="0" covered="1" /></package><counter type="INSTRUCTION" missed="0" covered="18" /><counter type="LINE" missed="0" covered="12" /><counter type="METHOD" missed="0" covered="1" /><counter type="CLASS" missed="0" covered="1" /></report>
